<?xml version="1.0" encoding="utf-8" standalone="no"?>
<test-run id="0" runstate="Runnable" testcasecount="10" result="Passed" total="10" passed="10" failed="0" warnings="0" inconclusive="0" skipped="0" asserts="10" engine-version="3.16.3.0" clr-version="4.0.30319.42000" start-time="2023-11-22 17:55:42Z" end-time="2023-11-22 17:56:14Z" duration="31.356376">
  <command-line><![CDATA[nunit3-console.exe  "C:\Users\saaya\Desktop\Studeys\Udemy code\WebTestingProject\WebTestingProject\bin\Debug\WebTestingProject.exe"]]></command-line>
  <test-suite type="Assembly" id="1-1014" name="WebTestingProject.exe" fullname="C:\Users\saaya\Desktop\Studeys\Udemy code\WebTestingProject\WebTestingProject\bin\Debug\WebTestingProject.exe" runstate="Runnable" testcasecount="10" result="Passed" start-time="2023-11-22T17:55:43.9741578Z" end-time="2023-11-22T17:56:14.2334027Z" duration="30.258578" total="10" passed="10" failed="0" warnings="0" inconclusive="0" skipped="0" asserts="10">
    <environment framework-version="3.14.0.0" clr-version="4.0.30319.42000" os-version="Microsoft Windows NT 10.0.19045.0" platform="Win32NT" cwd="C:\Users\saaya\Desktop\Studeys\Udemy code\WebTestingProject\packages\NUnit.ConsoleRunner.3.16.3\tools" machine-name="DESKTOP-JVEMMU3" user="saaya" user-domain="DESKTOP-JVEMMU3" culture="en-US" uiculture="en-US" os-architecture="x86" />
    <settings>
      <setting name="DisposeRunners" value="True" />
      <setting name="WorkDirectory" value="C:\Users\saaya\Desktop\Studeys\Udemy code\WebTestingProject\packages\NUnit.ConsoleRunner.3.16.3\tools" />
      <setting name="ImageRuntimeVersion" value="4.0.30319" />
      <setting name="ImageTargetFrameworkName" value=".NETFramework,Version=v4.7.2" />
      <setting name="ImageRequiresX86" value="True" />
      <setting name="RunAsX86" value="True" />
      <setting name="ImageRequiresDefaultAppDomainAssemblyResolver" value="False" />
      <setting name="TargetRuntimeFramework" value="net-4.7.2" />
      <setting name="NumberOfTestWorkers" value="4" />
    </settings>
    <properties>
      <property name="_PID" value="19204" />
      <property name="_APPDOMAIN" value="domain-" />
    </properties>
    <test-suite type="TestSuite" id="1-1015" name="WebTestingProject" fullname="WebTestingProject" runstate="Runnable" testcasecount="10" result="Passed" start-time="2023-11-22T17:55:43.9971246Z" end-time="2023-11-22T17:56:14.2334027Z" duration="30.236031" total="10" passed="10" failed="0" warnings="0" inconclusive="0" skipped="0" asserts="10">
      <test-suite type="TestSuite" id="1-1017" name="Cases" fullname="WebTestingProject.Cases" runstate="Runnable" testcasecount="2" result="Passed" start-time="2023-11-22T17:55:43.9981235Z" end-time="2023-11-22T17:55:58.8166851Z" duration="14.819110" total="2" passed="2" failed="0" warnings="0" inconclusive="0" skipped="0" asserts="2">
        <test-suite type="TestFixture" id="1-1010" name="LoginValidLogin" fullname="WebTestingProject.Cases.LoginValidLogin" classname="WebTestingProject.Cases.LoginValidLogin" runstate="Runnable" testcasecount="1" result="Passed" start-time="2023-11-22T17:55:44.0011149Z" end-time="2023-11-22T17:55:51.8175765Z" duration="7.816463" total="1" passed="1" failed="0" warnings="0" inconclusive="0" skipped="0" asserts="1">
          <test-case id="1-1011" name="LessThen5Chars" fullname="WebTestingProject.Cases.LoginValidLogin.LessThen5Chars" methodname="LessThen5Chars" classname="WebTestingProject.Cases.LoginValidLogin" runstate="Runnable" seed="1974270956" result="Passed" start-time="2023-11-22T17:55:44.0051041Z" end-time="2023-11-22T17:55:51.8115907Z" duration="7.806402" asserts="1" />
        </test-suite>
        <test-suite type="TestFixture" id="1-1012" name="RegisterValidTest" fullname="WebTestingProject.Cases.RegisterValidTest" classname="WebTestingProject.Cases.RegisterValidTest" runstate="Runnable" testcasecount="1" result="Passed" start-time="2023-11-22T17:55:51.8225618Z" end-time="2023-11-22T17:55:58.8166851Z" duration="6.994046" total="1" passed="1" failed="0" warnings="0" inconclusive="0" skipped="0" asserts="1">
          <test-case id="1-1013" name="RegisterValid" fullname="WebTestingProject.Cases.RegisterValidTest.RegisterValid" methodname="RegisterValid" classname="WebTestingProject.Cases.RegisterValidTest" runstate="Runnable" seed="837614630" result="Passed" start-time="2023-11-22T17:55:51.8235596Z" end-time="2023-11-22T17:55:58.8166851Z" duration="6.993787" asserts="1" />
        </test-suite>
      </test-suite>
      <test-suite type="TestSuite" id="1-1016" name="Scenarios" fullname="WebTestingProject.Scenarios" runstate="Runnable" testcasecount="8" result="Passed" start-time="2023-11-22T17:55:43.9981235Z" end-time="2023-11-22T17:56:14.2334027Z" duration="30.235288" total="8" passed="8" failed="0" warnings="0" inconclusive="0" skipped="0" asserts="8">
        <test-suite type="TestFixture" id="1-1000" name="LoginInvalidPassword" fullname="WebTestingProject.Scenarios.LoginInvalidPassword" classname="WebTestingProject.Scenarios.LoginInvalidPassword" runstate="Runnable" testcasecount="5" result="Passed" start-time="2023-11-22T17:55:58.8166851Z" end-time="2023-11-22T17:56:07.3945729Z" duration="8.577134" total="5" passed="5" failed="0" warnings="0" inconclusive="0" skipped="0" asserts="5">
          <test-case id="1-1001" name="LessThen5Chars" fullname="WebTestingProject.Scenarios.LoginInvalidPassword.LessThen5Chars" methodname="LessThen5Chars" classname="WebTestingProject.Scenarios.LoginInvalidPassword" runstate="Runnable" seed="998214763" result="Passed" start-time="2023-11-22T17:56:03.7164640Z" end-time="2023-11-22T17:56:04.3584655Z" duration="0.641408" asserts="1" />
          <test-case id="1-1002" name="MoreThen12Chars" fullname="WebTestingProject.Scenarios.LoginInvalidPassword.MoreThen12Chars" methodname="MoreThen12Chars" classname="WebTestingProject.Scenarios.LoginInvalidPassword" runstate="Runnable" seed="140935838" result="Passed" start-time="2023-11-22T17:56:04.3824037Z" end-time="2023-11-22T17:56:05.0944981Z" duration="0.712368" asserts="1" />
          <test-case id="1-1004" name="PasswordFieldEmpty" fullname="WebTestingProject.Scenarios.LoginInvalidPassword.PasswordFieldEmpty" methodname="PasswordFieldEmpty" classname="WebTestingProject.Scenarios.LoginInvalidPassword" runstate="Runnable" seed="1535476162" result="Passed" start-time="2023-11-22T17:56:05.0954960Z" end-time="2023-11-22T17:56:05.7597181Z" duration="0.664209" asserts="1" />
          <test-case id="1-1003" name="PassWordsDontMatch" fullname="WebTestingProject.Scenarios.LoginInvalidPassword.PassWordsDontMatch" methodname="PassWordsDontMatch" classname="WebTestingProject.Scenarios.LoginInvalidPassword" runstate="Runnable" seed="402538238" result="Passed" start-time="2023-11-22T17:56:05.7597181Z" end-time="2023-11-22T17:56:06.4618409Z" duration="0.701456" asserts="1" />
          <test-case id="1-1005" name="RepeatPasswordFieldEmpty" fullname="WebTestingProject.Scenarios.LoginInvalidPassword.RepeatPasswordFieldEmpty" methodname="RepeatPasswordFieldEmpty" classname="WebTestingProject.Scenarios.LoginInvalidPassword" runstate="Runnable" seed="761825573" result="Passed" start-time="2023-11-22T17:56:06.4618409Z" end-time="2023-11-22T17:56:07.0183521Z" duration="0.556618" asserts="1" />
        </test-suite>
        <test-suite type="TestFixture" id="1-1006" name="LoginInvalidUsername" fullname="WebTestingProject.Scenarios.LoginInvalidUsername" classname="WebTestingProject.Scenarios.LoginInvalidUsername" runstate="Runnable" testcasecount="3" result="Passed" start-time="2023-11-22T17:56:07.3945729Z" end-time="2023-11-22T17:56:14.2334027Z" duration="6.838950" total="3" passed="3" failed="0" warnings="0" inconclusive="0" skipped="0" asserts="3">
          <test-case id="1-1009" name="EmptyUsernameField" fullname="WebTestingProject.Scenarios.LoginInvalidUsername.EmptyUsernameField" methodname="EmptyUsernameField" classname="WebTestingProject.Scenarios.LoginInvalidUsername" runstate="Runnable" seed="32884105" result="Passed" start-time="2023-11-22T17:56:11.8857402Z" end-time="2023-11-22T17:56:12.4385070Z" duration="0.552982" asserts="1" />
          <test-case id="1-1007" name="LessThen5Chars" fullname="WebTestingProject.Scenarios.LoginInvalidUsername.LessThen5Chars" methodname="LessThen5Chars" classname="WebTestingProject.Scenarios.LoginInvalidUsername" runstate="Runnable" seed="895551712" result="Passed" start-time="2023-11-22T17:56:12.4395045Z" end-time="2023-11-22T17:56:13.0797918Z" duration="0.640347" asserts="1" />
          <test-case id="1-1008" name="Morethen12Chars" fullname="WebTestingProject.Scenarios.LoginInvalidUsername.Morethen12Chars" methodname="Morethen12Chars" classname="WebTestingProject.Scenarios.LoginInvalidUsername" runstate="Runnable" seed="1200131302" result="Passed" start-time="2023-11-22T17:56:13.0797918Z" end-time="2023-11-22T17:56:13.7948801Z" duration="0.714870" asserts="1" />
        </test-suite>
      </test-suite>
    </test-suite>
  </test-suite>
</test-run>